This file contains any messages produced by compilers while
running configure, to aid debugging if configure makes a mistake.

It was created by inadyn-mt configure 02.24.38, which was
generated by GNU Autoconf 2.68.  Invocation command line was

  $ ./configure 

## --------- ##
## Platform. ##
## --------- ##

hostname = 2fast-wecs-hp
uname -m = x86_64
uname -r = 3.2.0-29-generic
uname -s = Linux
uname -v = #46-Ubuntu SMP Fri Jul 27 17:03:23 UTC 2012

/usr/bin/uname -p = unknown
/bin/uname -X     = unknown

/bin/arch              = unknown
/usr/bin/arch -k       = unknown
/usr/convex/getsysinfo = unknown
/usr/bin/hostinfo      = unknown
/bin/machine           = unknown
/usr/bin/oslevel       = unknown
/bin/universe          = unknown

PATH: /usr/lib/lightdm/lightdm
PATH: /usr/local/sbin
PATH: /usr/local/bin
PATH: /usr/sbin
PATH: /usr/bin
PATH: /sbin
PATH: /bin
PATH: /usr/games


## ----------- ##
## Core tests. ##
## ----------- ##

configure:2257: checking build system type
configure:2271: result: x86_64-unknown-linux-gnu
configure:2291: checking host system type
configure:2304: result: x86_64-unknown-linux-gnu
configure:2324: checking target system type
configure:2337: result: x86_64-unknown-linux-gnu
configure:2380: checking for a BSD-compatible install
configure:2448: result: /usr/bin/install -c
configure:2459: checking whether build environment is sane
configure:2509: result: yes
configure:2650: checking for a thread-safe mkdir -p
configure:2689: result: /bin/mkdir -p
configure:2702: checking for gawk
configure:2718: found /usr/bin/gawk
configure:2729: result: gawk
configure:2740: checking whether make sets $(MAKE)
configure:2762: result: yes
configure:2904: checking for gcc
configure:2920: found /usr/bin/gcc
configure:2931: result: gcc
configure:3160: checking for C compiler version
configure:3169: gcc --version >&5
gcc (Ubuntu/Linaro 4.6.3-1ubuntu5) 4.6.3
Copyright (C) 2011 Free Software Foundation, Inc.
This is free software; see the source for copying conditions.  There is NO
warranty; not even for MERCHANTABILITY or FITNESS FOR A PARTICULAR PURPOSE.

configure:3180: $? = 0
configure:3169: gcc -v >&5
Using built-in specs.
COLLECT_GCC=gcc
COLLECT_LTO_WRAPPER=/usr/lib/gcc/x86_64-linux-gnu/4.6/lto-wrapper
Target: x86_64-linux-gnu
Configured with: ../src/configure -v --with-pkgversion='Ubuntu/Linaro 4.6.3-1ubuntu5' --with-bugurl=file:///usr/share/doc/gcc-4.6/README.Bugs --enable-languages=c,c++,fortran,objc,obj-c++ --prefix=/usr --program-suffix=-4.6 --enable-shared --enable-linker-build-id --with-system-zlib --libexecdir=/usr/lib --without-included-gettext --enable-threads=posix --with-gxx-include-dir=/usr/include/c++/4.6 --libdir=/usr/lib --enable-nls --with-sysroot=/ --enable-clocale=gnu --enable-libstdcxx-debug --enable-libstdcxx-time=yes --enable-gnu-unique-object --enable-plugin --enable-objc-gc --disable-werror --with-arch-32=i686 --with-tune=generic --enable-checking=release --build=x86_64-linux-gnu --host=x86_64-linux-gnu --target=x86_64-linux-gnu
Thread model: posix
gcc version 4.6.3 (Ubuntu/Linaro 4.6.3-1ubuntu5) 
configure:3180: $? = 0
configure:3169: gcc -V >&5
gcc: error: unrecognized option '-V'
gcc: fatal error: no input files
compilation terminated.
configure:3180: $? = 4
configure:3169: gcc -qversion >&5
gcc: error: unrecognized option '-qversion'
gcc: fatal error: no input files
compilation terminated.
configure:3180: $? = 4
configure:3200: checking whether the C compiler works
configure:3222: gcc    conftest.c  >&5
configure:3226: $? = 0
configure:3274: result: yes
configure:3277: checking for C compiler default output file name
configure:3279: result: a.out
configure:3285: checking for suffix of executables
configure:3292: gcc -o conftest    conftest.c  >&5
configure:3296: $? = 0
configure:3318: result: 
configure:3340: checking whether we are cross compiling
configure:3348: gcc -o conftest    conftest.c  >&5
configure:3352: $? = 0
configure:3359: ./conftest
configure:3363: $? = 0
configure:3378: result: no
configure:3383: checking for suffix of object files
configure:3405: gcc -c   conftest.c >&5
configure:3409: $? = 0
configure:3430: result: o
configure:3434: checking whether we are using the GNU C compiler
configure:3453: gcc -c   conftest.c >&5
configure:3453: $? = 0
configure:3462: result: yes
configure:3471: checking whether gcc accepts -g
configure:3491: gcc -c -g  conftest.c >&5
configure:3491: $? = 0
configure:3532: result: yes
configure:3549: checking for gcc option to accept ISO C89
configure:3613: gcc  -c -g -O2  conftest.c >&5
configure:3613: $? = 0
configure:3626: result: none needed
configure:3657: checking for style of include used by make
configure:3685: result: GNU
configure:3711: checking dependency style of gcc
configure:3822: result: gcc3
configure:3845: checking how to run the C preprocessor
configure:3876: gcc -E  conftest.c
configure:3876: $? = 0
configure:3890: gcc -E  conftest.c
conftest.c:11:28: fatal error: ac_nonexistent.h: No such file or directory
compilation terminated.
configure:3890: $? = 1
configure: failed program was:
| /* confdefs.h */
| #define PACKAGE_NAME "inadyn-mt"
| #define PACKAGE_TARNAME "inadyn-mt"
| #define PACKAGE_VERSION "02.24.38"
| #define PACKAGE_STRING "inadyn-mt 02.24.38"
| #define PACKAGE_BUGREPORT "bhoover@wecs.com"
| #define PACKAGE_URL ""
| #define PACKAGE "inadyn-mt"
| #define VERSION "02.24.38"
| /* end confdefs.h.  */
| #include <ac_nonexistent.h>
configure:3915: result: gcc -E
configure:3935: gcc -E  conftest.c
configure:3935: $? = 0
configure:3949: gcc -E  conftest.c
conftest.c:11:28: fatal error: ac_nonexistent.h: No such file or directory
compilation terminated.
configure:3949: $? = 1
configure: failed program was:
| /* confdefs.h */
| #define PACKAGE_NAME "inadyn-mt"
| #define PACKAGE_TARNAME "inadyn-mt"
| #define PACKAGE_VERSION "02.24.38"
| #define PACKAGE_STRING "inadyn-mt 02.24.38"
| #define PACKAGE_BUGREPORT "bhoover@wecs.com"
| #define PACKAGE_URL ""
| #define PACKAGE "inadyn-mt"
| #define VERSION "02.24.38"
| /* end confdefs.h.  */
| #include <ac_nonexistent.h>
configure:3978: checking for grep that handles long lines and -e
configure:4036: result: /bin/grep
configure:4041: checking for egrep
configure:4103: result: /bin/grep -E
configure:4108: checking for ANSI C header files
configure:4128: gcc -c -g -O2  conftest.c >&5
configure:4128: $? = 0
configure:4201: gcc -o conftest -g -O2   conftest.c  >&5
configure:4201: $? = 0
configure:4201: ./conftest
configure:4201: $? = 0
configure:4212: result: yes
configure:4225: checking for sys/types.h
configure:4225: gcc -c -g -O2  conftest.c >&5
configure:4225: $? = 0
configure:4225: result: yes
configure:4225: checking for sys/stat.h
configure:4225: gcc -c -g -O2  conftest.c >&5
configure:4225: $? = 0
configure:4225: result: yes
configure:4225: checking for stdlib.h
configure:4225: gcc -c -g -O2  conftest.c >&5
configure:4225: $? = 0
configure:4225: result: yes
configure:4225: checking for string.h
configure:4225: gcc -c -g -O2  conftest.c >&5
configure:4225: $? = 0
configure:4225: result: yes
configure:4225: checking for memory.h
configure:4225: gcc -c -g -O2  conftest.c >&5
configure:4225: $? = 0
configure:4225: result: yes
configure:4225: checking for strings.h
configure:4225: gcc -c -g -O2  conftest.c >&5
configure:4225: $? = 0
configure:4225: result: yes
configure:4225: checking for inttypes.h
configure:4225: gcc -c -g -O2  conftest.c >&5
configure:4225: $? = 0
configure:4225: result: yes
configure:4225: checking for stdint.h
configure:4225: gcc -c -g -O2  conftest.c >&5
configure:4225: $? = 0
configure:4225: result: yes
configure:4225: checking for unistd.h
configure:4225: gcc -c -g -O2  conftest.c >&5
configure:4225: $? = 0
configure:4225: result: yes
configure:4241: checking ao/ao.h usability
configure:4241: gcc -c -g -O2  conftest.c >&5
configure:4241: $? = 0
configure:4241: result: yes
configure:4241: checking ao/ao.h presence
configure:4241: gcc -E  conftest.c
configure:4241: $? = 0
configure:4241: result: yes
configure:4241: checking for ao/ao.h
configure:4241: result: yes
configure:4241: checking arpa/inet.h usability
configure:4241: gcc -c -g -O2  conftest.c >&5
configure:4241: $? = 0
configure:4241: result: yes
configure:4241: checking arpa/inet.h presence
configure:4241: gcc -E  conftest.c
configure:4241: $? = 0
configure:4241: result: yes
configure:4241: checking for arpa/inet.h
configure:4241: result: yes
configure:4241: checking fcntl.h usability
configure:4241: gcc -c -g -O2  conftest.c >&5
configure:4241: $? = 0
configure:4241: result: yes
configure:4241: checking fcntl.h presence
configure:4241: gcc -E  conftest.c
configure:4241: $? = 0
configure:4241: result: yes
configure:4241: checking for fcntl.h
configure:4241: result: yes
configure:4241: checking ifaddrs.h usability
configure:4241: gcc -c -g -O2  conftest.c >&5
configure:4241: $? = 0
configure:4241: result: yes
configure:4241: checking ifaddrs.h presence
configure:4241: gcc -E  conftest.c
configure:4241: $? = 0
configure:4241: result: yes
configure:4241: checking for ifaddrs.h
configure:4241: result: yes
configure:4241: checking locale.h usability
configure:4241: gcc -c -g -O2  conftest.c >&5
configure:4241: $? = 0
configure:4241: result: yes
configure:4241: checking locale.h presence
configure:4241: gcc -E  conftest.c
configure:4241: $? = 0
configure:4241: result: yes
configure:4241: checking for locale.h
configure:4241: result: yes
configure:4241: checking for memory.h
configure:4241: result: yes
configure:4241: checking netdb.h usability
configure:4241: gcc -c -g -O2  conftest.c >&5
configure:4241: $? = 0
configure:4241: result: yes
configure:4241: checking netdb.h presence
configure:4241: gcc -E  conftest.c
configure:4241: $? = 0
configure:4241: result: yes
configure:4241: checking for netdb.h
configure:4241: result: yes
configure:4241: checking netinet/in.h usability
configure:4241: gcc -c -g -O2  conftest.c >&5
configure:4241: $? = 0
configure:4241: result: yes
configure:4241: checking netinet/in.h presence
configure:4241: gcc -E  conftest.c
configure:4241: $? = 0
configure:4241: result: yes
configure:4241: checking for netinet/in.h
configure:4241: result: yes
configure:4241: checking for stdlib.h
configure:4241: result: yes
configure:4241: checking for string.h
configure:4241: result: yes
configure:4241: checking sys/ioctl.h usability
configure:4241: gcc -c -g -O2  conftest.c >&5
configure:4241: $? = 0
configure:4241: result: yes
configure:4241: checking sys/ioctl.h presence
configure:4241: gcc -E  conftest.c
configure:4241: $? = 0
configure:4241: result: yes
configure:4241: checking for sys/ioctl.h
configure:4241: result: yes
configure:4241: checking sys/socket.h usability
configure:4241: gcc -c -g -O2  conftest.c >&5
configure:4241: $? = 0
configure:4241: result: yes
configure:4241: checking sys/socket.h presence
configure:4241: gcc -E  conftest.c
configure:4241: $? = 0
configure:4241: result: yes
configure:4241: checking for sys/socket.h
configure:4241: result: yes
configure:4241: checking sys/time.h usability
configure:4241: gcc -c -g -O2  conftest.c >&5
configure:4241: $? = 0
configure:4241: result: yes
configure:4241: checking sys/time.h presence
configure:4241: gcc -E  conftest.c
configure:4241: $? = 0
configure:4241: result: yes
configure:4241: checking for sys/time.h
configure:4241: result: yes
configure:4241: checking syslog.h usability
configure:4241: gcc -c -g -O2  conftest.c >&5
configure:4241: $? = 0
configure:4241: result: yes
configure:4241: checking syslog.h presence
configure:4241: gcc -E  conftest.c
configure:4241: $? = 0
configure:4241: result: yes
configure:4241: checking for syslog.h
configure:4241: result: yes
configure:4241: checking for unistd.h
configure:4241: result: yes
configure:4241: checking wchar.h usability
configure:4241: gcc -c -g -O2  conftest.c >&5
configure:4241: $? = 0
configure:4241: result: yes
configure:4241: checking wchar.h presence
configure:4241: gcc -E  conftest.c
configure:4241: $? = 0
configure:4241: result: yes
configure:4241: checking for wchar.h
configure:4241: result: yes
configure:4241: checking wctype.h usability
configure:4241: gcc -c -g -O2  conftest.c >&5
configure:4241: $? = 0
configure:4241: result: yes
configure:4241: checking wctype.h presence
configure:4241: gcc -E  conftest.c
configure:4241: $? = 0
configure:4241: result: yes
configure:4241: checking for wctype.h
configure:4241: result: yes
configure:4253: checking for stdbool.h that conforms to C99
configure:4320: gcc -c -g -O2  conftest.c >&5
configure:4320: $? = 0
configure:4327: result: yes
configure:4329: checking for _Bool
configure:4329: gcc -c -g -O2  conftest.c >&5
configure:4329: $? = 0
configure:4329: gcc -c -g -O2  conftest.c >&5
conftest.c: In function 'main':
conftest.c:74:20: error: expected expression before ')' token
configure:4329: $? = 1
configure: failed program was:
| /* confdefs.h */
| #define PACKAGE_NAME "inadyn-mt"
| #define PACKAGE_TARNAME "inadyn-mt"
| #define PACKAGE_VERSION "02.24.38"
| #define PACKAGE_STRING "inadyn-mt 02.24.38"
| #define PACKAGE_BUGREPORT "bhoover@wecs.com"
| #define PACKAGE_URL ""
| #define PACKAGE "inadyn-mt"
| #define VERSION "02.24.38"
| #define STDC_HEADERS 1
| #define HAVE_SYS_TYPES_H 1
| #define HAVE_SYS_STAT_H 1
| #define HAVE_STDLIB_H 1
| #define HAVE_STRING_H 1
| #define HAVE_MEMORY_H 1
| #define HAVE_STRINGS_H 1
| #define HAVE_INTTYPES_H 1
| #define HAVE_STDINT_H 1
| #define HAVE_UNISTD_H 1
| #define HAVE_AO_AO_H 1
| #define HAVE_ARPA_INET_H 1
| #define HAVE_FCNTL_H 1
| #define HAVE_IFADDRS_H 1
| #define HAVE_LOCALE_H 1
| #define HAVE_MEMORY_H 1
| #define HAVE_NETDB_H 1
| #define HAVE_NETINET_IN_H 1
| #define HAVE_STDLIB_H 1
| #define HAVE_STRING_H 1
| #define HAVE_SYS_IOCTL_H 1
| #define HAVE_SYS_SOCKET_H 1
| #define HAVE_SYS_TIME_H 1
| #define HAVE_SYSLOG_H 1
| #define HAVE_UNISTD_H 1
| #define HAVE_WCHAR_H 1
| #define HAVE_WCTYPE_H 1
| /* end confdefs.h.  */
| #include <stdio.h>
| #ifdef HAVE_SYS_TYPES_H
| # include <sys/types.h>
| #endif
| #ifdef HAVE_SYS_STAT_H
| # include <sys/stat.h>
| #endif
| #ifdef STDC_HEADERS
| # include <stdlib.h>
| # include <stddef.h>
| #else
| # ifdef HAVE_STDLIB_H
| #  include <stdlib.h>
| # endif
| #endif
| #ifdef HAVE_STRING_H
| # if !defined STDC_HEADERS && defined HAVE_MEMORY_H
| #  include <memory.h>
| # endif
| # include <string.h>
| #endif
| #ifdef HAVE_STRINGS_H
| # include <strings.h>
| #endif
| #ifdef HAVE_INTTYPES_H
| # include <inttypes.h>
| #endif
| #ifdef HAVE_STDINT_H
| # include <stdint.h>
| #endif
| #ifdef HAVE_UNISTD_H
| # include <unistd.h>
| #endif
| int
| main ()
| {
| if (sizeof ((_Bool)))
| 	    return 0;
|   ;
|   return 0;
| }
configure:4329: result: yes
configure:4345: checking for pid_t
configure:4345: gcc -c -g -O2  conftest.c >&5
configure:4345: $? = 0
configure:4345: gcc -c -g -O2  conftest.c >&5
conftest.c: In function 'main':
conftest.c:76:20: error: expected expression before ')' token
configure:4345: $? = 1
configure: failed program was:
| /* confdefs.h */
| #define PACKAGE_NAME "inadyn-mt"
| #define PACKAGE_TARNAME "inadyn-mt"
| #define PACKAGE_VERSION "02.24.38"
| #define PACKAGE_STRING "inadyn-mt 02.24.38"
| #define PACKAGE_BUGREPORT "bhoover@wecs.com"
| #define PACKAGE_URL ""
| #define PACKAGE "inadyn-mt"
| #define VERSION "02.24.38"
| #define STDC_HEADERS 1
| #define HAVE_SYS_TYPES_H 1
| #define HAVE_SYS_STAT_H 1
| #define HAVE_STDLIB_H 1
| #define HAVE_STRING_H 1
| #define HAVE_MEMORY_H 1
| #define HAVE_STRINGS_H 1
| #define HAVE_INTTYPES_H 1
| #define HAVE_STDINT_H 1
| #define HAVE_UNISTD_H 1
| #define HAVE_AO_AO_H 1
| #define HAVE_ARPA_INET_H 1
| #define HAVE_FCNTL_H 1
| #define HAVE_IFADDRS_H 1
| #define HAVE_LOCALE_H 1
| #define HAVE_MEMORY_H 1
| #define HAVE_NETDB_H 1
| #define HAVE_NETINET_IN_H 1
| #define HAVE_STDLIB_H 1
| #define HAVE_STRING_H 1
| #define HAVE_SYS_IOCTL_H 1
| #define HAVE_SYS_SOCKET_H 1
| #define HAVE_SYS_TIME_H 1
| #define HAVE_SYSLOG_H 1
| #define HAVE_UNISTD_H 1
| #define HAVE_WCHAR_H 1
| #define HAVE_WCTYPE_H 1
| #define HAVE__BOOL 1
| #define HAVE_STDBOOL_H 1
| /* end confdefs.h.  */
| #include <stdio.h>
| #ifdef HAVE_SYS_TYPES_H
| # include <sys/types.h>
| #endif
| #ifdef HAVE_SYS_STAT_H
| # include <sys/stat.h>
| #endif
| #ifdef STDC_HEADERS
| # include <stdlib.h>
| # include <stddef.h>
| #else
| # ifdef HAVE_STDLIB_H
| #  include <stdlib.h>
| # endif
| #endif
| #ifdef HAVE_STRING_H
| # if !defined STDC_HEADERS && defined HAVE_MEMORY_H
| #  include <memory.h>
| # endif
| # include <string.h>
| #endif
| #ifdef HAVE_STRINGS_H
| # include <strings.h>
| #endif
| #ifdef HAVE_INTTYPES_H
| # include <inttypes.h>
| #endif
| #ifdef HAVE_STDINT_H
| # include <stdint.h>
| #endif
| #ifdef HAVE_UNISTD_H
| # include <unistd.h>
| #endif
| int
| main ()
| {
| if (sizeof ((pid_t)))
| 	    return 0;
|   ;
|   return 0;
| }
configure:4345: result: yes
configure:4360: checking vfork.h usability
configure:4360: gcc -c -g -O2  conftest.c >&5
conftest.c:73:19: fatal error: vfork.h: No such file or directory
compilation terminated.
configure:4360: $? = 1
configure: failed program was:
| /* confdefs.h */
| #define PACKAGE_NAME "inadyn-mt"
| #define PACKAGE_TARNAME "inadyn-mt"
| #define PACKAGE_VERSION "02.24.38"
| #define PACKAGE_STRING "inadyn-mt 02.24.38"
| #define PACKAGE_BUGREPORT "bhoover@wecs.com"
| #define PACKAGE_URL ""
| #define PACKAGE "inadyn-mt"
| #define VERSION "02.24.38"
| #define STDC_HEADERS 1
| #define HAVE_SYS_TYPES_H 1
| #define HAVE_SYS_STAT_H 1
| #define HAVE_STDLIB_H 1
| #define HAVE_STRING_H 1
| #define HAVE_MEMORY_H 1
| #define HAVE_STRINGS_H 1
| #define HAVE_INTTYPES_H 1
| #define HAVE_STDINT_H 1
| #define HAVE_UNISTD_H 1
| #define HAVE_AO_AO_H 1
| #define HAVE_ARPA_INET_H 1
| #define HAVE_FCNTL_H 1
| #define HAVE_IFADDRS_H 1
| #define HAVE_LOCALE_H 1
| #define HAVE_MEMORY_H 1
| #define HAVE_NETDB_H 1
| #define HAVE_NETINET_IN_H 1
| #define HAVE_STDLIB_H 1
| #define HAVE_STRING_H 1
| #define HAVE_SYS_IOCTL_H 1
| #define HAVE_SYS_SOCKET_H 1
| #define HAVE_SYS_TIME_H 1
| #define HAVE_SYSLOG_H 1
| #define HAVE_UNISTD_H 1
| #define HAVE_WCHAR_H 1
| #define HAVE_WCTYPE_H 1
| #define HAVE__BOOL 1
| #define HAVE_STDBOOL_H 1
| /* end confdefs.h.  */
| #include <stdio.h>
| #ifdef HAVE_SYS_TYPES_H
| # include <sys/types.h>
| #endif
| #ifdef HAVE_SYS_STAT_H
| # include <sys/stat.h>
| #endif
| #ifdef STDC_HEADERS
| # include <stdlib.h>
| # include <stddef.h>
| #else
| # ifdef HAVE_STDLIB_H
| #  include <stdlib.h>
| # endif
| #endif
| #ifdef HAVE_STRING_H
| # if !defined STDC_HEADERS && defined HAVE_MEMORY_H
| #  include <memory.h>
| # endif
| # include <string.h>
| #endif
| #ifdef HAVE_STRINGS_H
| # include <strings.h>
| #endif
| #ifdef HAVE_INTTYPES_H
| # include <inttypes.h>
| #endif
| #ifdef HAVE_STDINT_H
| # include <stdint.h>
| #endif
| #ifdef HAVE_UNISTD_H
| # include <unistd.h>
| #endif
| #include <vfork.h>
configure:4360: result: no
configure:4360: checking vfork.h presence
configure:4360: gcc -E  conftest.c
conftest.c:40:19: fatal error: vfork.h: No such file or directory
compilation terminated.
configure:4360: $? = 1
configure: failed program was:
| /* confdefs.h */
| #define PACKAGE_NAME "inadyn-mt"
| #define PACKAGE_TARNAME "inadyn-mt"
| #define PACKAGE_VERSION "02.24.38"
| #define PACKAGE_STRING "inadyn-mt 02.24.38"
| #define PACKAGE_BUGREPORT "bhoover@wecs.com"
| #define PACKAGE_URL ""
| #define PACKAGE "inadyn-mt"
| #define VERSION "02.24.38"
| #define STDC_HEADERS 1
| #define HAVE_SYS_TYPES_H 1
| #define HAVE_SYS_STAT_H 1
| #define HAVE_STDLIB_H 1
| #define HAVE_STRING_H 1
| #define HAVE_MEMORY_H 1
| #define HAVE_STRINGS_H 1
| #define HAVE_INTTYPES_H 1
| #define HAVE_STDINT_H 1
| #define HAVE_UNISTD_H 1
| #define HAVE_AO_AO_H 1
| #define HAVE_ARPA_INET_H 1
| #define HAVE_FCNTL_H 1
| #define HAVE_IFADDRS_H 1
| #define HAVE_LOCALE_H 1
| #define HAVE_MEMORY_H 1
| #define HAVE_NETDB_H 1
| #define HAVE_NETINET_IN_H 1
| #define HAVE_STDLIB_H 1
| #define HAVE_STRING_H 1
| #define HAVE_SYS_IOCTL_H 1
| #define HAVE_SYS_SOCKET_H 1
| #define HAVE_SYS_TIME_H 1
| #define HAVE_SYSLOG_H 1
| #define HAVE_UNISTD_H 1
| #define HAVE_WCHAR_H 1
| #define HAVE_WCTYPE_H 1
| #define HAVE__BOOL 1
| #define HAVE_STDBOOL_H 1
| /* end confdefs.h.  */
| #include <vfork.h>
configure:4360: result: no
configure:4360: checking for vfork.h
configure:4360: result: no
configure:4373: checking for fork
configure:4373: gcc -o conftest -g -O2   conftest.c  >&5
conftest.c:63:6: warning: conflicting types for built-in function 'fork' [enabled by default]
configure:4373: $? = 0
configure:4373: result: yes
configure:4373: checking for vfork
configure:4373: gcc -o conftest -g -O2   conftest.c  >&5
configure:4373: $? = 0
configure:4373: result: yes
configure:4383: checking for working fork
configure:4405: gcc -o conftest -g -O2   conftest.c  >&5
configure:4405: $? = 0
configure:4405: ./conftest
configure:4405: $? = 0
configure:4415: result: yes
configure:4436: checking for working vfork
configure:4546: result: yes
configure:4573: checking for stdlib.h
configure:4573: result: yes
configure:4583: checking for GNU libc compatible malloc
configure:4607: gcc -o conftest -g -O2   conftest.c  >&5
configure:4607: $? = 0
configure:4607: ./conftest
configure:4607: $? = 0
configure:4617: result: yes
configure:4640: checking for stdlib.h
configure:4640: result: yes
configure:4650: checking for GNU libc compatible realloc
configure:4674: gcc -o conftest -g -O2   conftest.c  >&5
configure:4674: $? = 0
configure:4674: ./conftest
configure:4674: $? = 0
configure:4684: result: yes
configure:4902: checking for library containing dlopen
configure:4933: gcc -o conftest -g -O2   conftest.c  >&5
/tmp/cctqXeX9.o: In function `main':
/home/bhoover/inadyn-mt.v.02.28.06/conftest.c:61: undefined reference to `dlopen'
collect2: ld returned 1 exit status
configure:4933: $? = 1
configure: failed program was:
| /* confdefs.h */
| #define PACKAGE_NAME "inadyn-mt"
| #define PACKAGE_TARNAME "inadyn-mt"
| #define PACKAGE_VERSION "02.24.38"
| #define PACKAGE_STRING "inadyn-mt 02.24.38"
| #define PACKAGE_BUGREPORT "bhoover@wecs.com"
| #define PACKAGE_URL ""
| #define PACKAGE "inadyn-mt"
| #define VERSION "02.24.38"
| #define STDC_HEADERS 1
| #define HAVE_SYS_TYPES_H 1
| #define HAVE_SYS_STAT_H 1
| #define HAVE_STDLIB_H 1
| #define HAVE_STRING_H 1
| #define HAVE_MEMORY_H 1
| #define HAVE_STRINGS_H 1
| #define HAVE_INTTYPES_H 1
| #define HAVE_STDINT_H 1
| #define HAVE_UNISTD_H 1
| #define HAVE_AO_AO_H 1
| #define HAVE_ARPA_INET_H 1
| #define HAVE_FCNTL_H 1
| #define HAVE_IFADDRS_H 1
| #define HAVE_LOCALE_H 1
| #define HAVE_MEMORY_H 1
| #define HAVE_NETDB_H 1
| #define HAVE_NETINET_IN_H 1
| #define HAVE_STDLIB_H 1
| #define HAVE_STRING_H 1
| #define HAVE_SYS_IOCTL_H 1
| #define HAVE_SYS_SOCKET_H 1
| #define HAVE_SYS_TIME_H 1
| #define HAVE_SYSLOG_H 1
| #define HAVE_UNISTD_H 1
| #define HAVE_WCHAR_H 1
| #define HAVE_WCTYPE_H 1
| #define HAVE__BOOL 1
| #define HAVE_STDBOOL_H 1
| #define HAVE_FORK 1
| #define HAVE_VFORK 1
| #define HAVE_WORKING_VFORK 1
| #define HAVE_WORKING_FORK 1
| #define HAVE_STDLIB_H 1
| #define HAVE_MALLOC 1
| #define HAVE_STDLIB_H 1
| #define HAVE_REALLOC 1
| #define META_ROOT "/usr/share/inadyn-mt"
| #define USE_SNDFILE 1
| /* end confdefs.h.  */
| 
| /* Override any GCC internal prototype to avoid an error.
|    Use char because int might match the return type of a GCC
|    builtin and then its argument prototype would still apply.  */
| #ifdef __cplusplus
| extern "C"
| #endif
| char dlopen ();
| int
| main ()
| {
| return dlopen ();
|   ;
|   return 0;
| }
configure:4933: gcc -o conftest -g -O2   conftest.c -ldl   >&5
configure:4933: $? = 0
configure:4950: result: -ldl
configure:5025: checking for gcc
configure:5052: result: gcc
configure:5281: checking for C compiler version
configure:5290: gcc --version >&5
gcc (Ubuntu/Linaro 4.6.3-1ubuntu5) 4.6.3
Copyright (C) 2011 Free Software Foundation, Inc.
This is free software; see the source for copying conditions.  There is NO
warranty; not even for MERCHANTABILITY or FITNESS FOR A PARTICULAR PURPOSE.

configure:5301: $? = 0
configure:5290: gcc -v >&5
Using built-in specs.
COLLECT_GCC=gcc
COLLECT_LTO_WRAPPER=/usr/lib/gcc/x86_64-linux-gnu/4.6/lto-wrapper
Target: x86_64-linux-gnu
Configured with: ../src/configure -v --with-pkgversion='Ubuntu/Linaro 4.6.3-1ubuntu5' --with-bugurl=file:///usr/share/doc/gcc-4.6/README.Bugs --enable-languages=c,c++,fortran,objc,obj-c++ --prefix=/usr --program-suffix=-4.6 --enable-shared --enable-linker-build-id --with-system-zlib --libexecdir=/usr/lib --without-included-gettext --enable-threads=posix --with-gxx-include-dir=/usr/include/c++/4.6 --libdir=/usr/lib --enable-nls --with-sysroot=/ --enable-clocale=gnu --enable-libstdcxx-debug --enable-libstdcxx-time=yes --enable-gnu-unique-object --enable-plugin --enable-objc-gc --disable-werror --with-arch-32=i686 --with-tune=generic --enable-checking=release --build=x86_64-linux-gnu --host=x86_64-linux-gnu --target=x86_64-linux-gnu
Thread model: posix
gcc version 4.6.3 (Ubuntu/Linaro 4.6.3-1ubuntu5) 
configure:5301: $? = 0
configure:5290: gcc -V >&5
gcc: error: unrecognized option '-V'
gcc: fatal error: no input files
compilation terminated.
configure:5301: $? = 4
configure:5290: gcc -qversion >&5
gcc: error: unrecognized option '-qversion'
gcc: fatal error: no input files
compilation terminated.
configure:5301: $? = 4
configure:5305: checking whether we are using the GNU C compiler
configure:5333: result: yes
configure:5342: checking whether gcc accepts -g
configure:5403: result: yes
configure:5420: checking for gcc option to accept ISO C89
configure:5497: result: none needed
configure:5519: checking dependency style of gcc
configure:5630: result: gcc3
configure:5647: checking whether gcc and cc understand -c and -o together
configure:5678: gcc -c conftest.c -o conftest2.o >&5
configure:5682: $? = 0
configure:5688: gcc -c conftest.c -o conftest2.o >&5
configure:5692: $? = 0
configure:5703: cc -c conftest.c >&5
configure:5707: $? = 0
configure:5715: cc -c conftest.c -o conftest2.o >&5
configure:5719: $? = 0
configure:5725: cc -c conftest.c -o conftest2.o >&5
configure:5729: $? = 0
configure:5747: result: yes
configure:5948: creating ./config.status

## ---------------------- ##
## Running config.status. ##
## ---------------------- ##

This file was extended by inadyn-mt config.status 02.24.38, which was
generated by GNU Autoconf 2.68.  Invocation command line was

  CONFIG_FILES    = 
  CONFIG_HEADERS  = 
  CONFIG_LINKS    = 
  CONFIG_COMMANDS = 
  $ ./config.status 

on 2fast-wecs-hp

config.status:925: creating man/Makefile
config.status:925: creating src/Makefile
config.status:925: creating Makefile
config.status:925: creating src/config.h
config.status:1106: src/config.h is unchanged
config.status:1154: executing depfiles commands

## ---------------- ##
## Cache variables. ##
## ---------------- ##

ac_cv_build=x86_64-unknown-linux-gnu
ac_cv_c_compiler_gnu=yes
ac_cv_env_CC_set=
ac_cv_env_CC_value=
ac_cv_env_CFLAGS_set=
ac_cv_env_CFLAGS_value=
ac_cv_env_CPPFLAGS_set=
ac_cv_env_CPPFLAGS_value=
ac_cv_env_CPP_set=
ac_cv_env_CPP_value=
ac_cv_env_LDFLAGS_set=
ac_cv_env_LDFLAGS_value=
ac_cv_env_LIBS_set=
ac_cv_env_LIBS_value=
ac_cv_env_build_alias_set=
ac_cv_env_build_alias_value=
ac_cv_env_host_alias_set=
ac_cv_env_host_alias_value=
ac_cv_env_target_alias_set=
ac_cv_env_target_alias_value=
ac_cv_func_fork=yes
ac_cv_func_fork_works=yes
ac_cv_func_malloc_0_nonnull=yes
ac_cv_func_realloc_0_nonnull=yes
ac_cv_func_vfork=yes
ac_cv_func_vfork_works=yes
ac_cv_header_ao_ao_h=yes
ac_cv_header_arpa_inet_h=yes
ac_cv_header_fcntl_h=yes
ac_cv_header_ifaddrs_h=yes
ac_cv_header_inttypes_h=yes
ac_cv_header_locale_h=yes
ac_cv_header_memory_h=yes
ac_cv_header_netdb_h=yes
ac_cv_header_netinet_in_h=yes
ac_cv_header_stdbool_h=yes
ac_cv_header_stdc=yes
ac_cv_header_stdint_h=yes
ac_cv_header_stdlib_h=yes
ac_cv_header_string_h=yes
ac_cv_header_strings_h=yes
ac_cv_header_sys_ioctl_h=yes
ac_cv_header_sys_socket_h=yes
ac_cv_header_sys_stat_h=yes
ac_cv_header_sys_time_h=yes
ac_cv_header_sys_types_h=yes
ac_cv_header_syslog_h=yes
ac_cv_header_unistd_h=yes
ac_cv_header_vfork_h=no
ac_cv_header_wchar_h=yes
ac_cv_header_wctype_h=yes
ac_cv_host=x86_64-unknown-linux-gnu
ac_cv_objext=o
ac_cv_path_EGREP='/bin/grep -E'
ac_cv_path_GREP=/bin/grep
ac_cv_path_install='/usr/bin/install -c'
ac_cv_path_mkdir=/bin/mkdir
ac_cv_prog_AWK=gawk
ac_cv_prog_CPP='gcc -E'
ac_cv_prog_ac_ct_CC=gcc
ac_cv_prog_cc_c89=
ac_cv_prog_cc_g=yes
ac_cv_prog_cc_gcc_c_o=yes
ac_cv_prog_make_make_set=yes
ac_cv_search_dlopen=-ldl
ac_cv_target=x86_64-unknown-linux-gnu
ac_cv_type__Bool=yes
ac_cv_type_pid_t=yes
am_cv_CC_dependencies_compiler_type=gcc3

## ----------------- ##
## Output variables. ##
## ----------------- ##

ACLOCAL='${SHELL} /home/bhoover/inadyn-mt.v.02.28.06/Cfg/missing --run aclocal-1.11'
AMDEPBACKSLASH='\'
AMDEP_FALSE='#'
AMDEP_TRUE=''
AMTAR='$${TAR-tar}'
ARCH_SPECIFIC_CFLAGS=''
ARCH_SPECIFIC_LDFLAGS=''
ARCH_SPECIFIC_LIBS=' -lpthread -lm'
AUTOCONF='${SHELL} /home/bhoover/inadyn-mt.v.02.28.06/Cfg/missing --run autoconf'
AUTOHEADER='${SHELL} /home/bhoover/inadyn-mt.v.02.28.06/Cfg/missing --run autoheader'
AUTOMAKE='${SHELL} /home/bhoover/inadyn-mt.v.02.28.06/Cfg/missing --run automake-1.11'
AWK='gawk'
CC='gcc'
CCDEPMODE='depmode=gcc3'
CFLAGS='-g -O2'
CPP='gcc -E'
CPPFLAGS=''
CYGPATH_W='echo'
DEFS='-DHAVE_CONFIG_H'
DEPDIR='.deps'
ECHO_C=''
ECHO_N='-n'
ECHO_T=''
EGREP='/bin/grep -E'
EXEEXT=''
GREP='/bin/grep'
INSTALL_DATA='${INSTALL} -m 644'
INSTALL_PREFIX='/usr/share'
INSTALL_PROGRAM='${INSTALL}'
INSTALL_SCRIPT='${INSTALL}'
INSTALL_STRIP_PROGRAM='$(install_sh) -c -s'
IS_INADYN_MT_DIR=''
IS_INADYN_MT_DIR_FALSE='#'
IS_INADYN_MT_DIR_TRUE=''
IS_INADYN_MT_EXTRA_DIR=''
IS_INADYN_MT_EXTRA_DIR_FALSE='#'
IS_INADYN_MT_EXTRA_DIR_TRUE=''
IS_INADYN_MT_LANG_DIR=''
IS_INADYN_MT_LANG_DIR_FALSE='#'
IS_INADYN_MT_LANG_DIR_TRUE=''
IS_WITH_SOUND=''
IS_WITH_SOUND_FALSE='#'
IS_WITH_SOUND_TRUE=''
IS_WITH_THREADS=''
IS_WITH_THREADS_FALSE='#'
IS_WITH_THREADS_TRUE=''
LDFLAGS=''
LIBOBJS=''
LIBS='-ldl '
LTLIBOBJS=''
MAKEINFO='${SHELL} /home/bhoover/inadyn-mt.v.02.28.06/Cfg/missing --run makeinfo'
MKDIR_P='/bin/mkdir -p'
OBJEXT='o'
PACKAGE='inadyn-mt'
PACKAGE_BUGREPORT='bhoover@wecs.com'
PACKAGE_NAME='inadyn-mt'
PACKAGE_STRING='inadyn-mt 02.24.38'
PACKAGE_TARNAME='inadyn-mt'
PACKAGE_URL=''
PACKAGE_VERSION='02.24.38'
PATH_SEPARATOR=':'
SET_MAKE=''
SHELL='/bin/bash'
SNDFILE_LIB=''
STRIP=''
TARGET_ARCH='linux'
VERSION='02.24.38'
ac_ct_CC='gcc'
am__EXEEXT_FALSE=''
am__EXEEXT_TRUE='#'
am__fastdepCC_FALSE='#'
am__fastdepCC_TRUE=''
am__include='include'
am__isrc=''
am__leading_dot='.'
am__nodep='_no'
am__quote=''
am__tar='$${TAR-tar} chof - "$$tardir"'
am__untar='$${TAR-tar} xf -'
bindir='${exec_prefix}/bin'
build='x86_64-unknown-linux-gnu'
build_alias=''
build_cpu='x86_64'
build_os='linux-gnu'
build_vendor='unknown'
datadir='${datarootdir}'
datarootdir='${prefix}/share'
docdir='${datarootdir}/doc/${PACKAGE_TARNAME}'
dvidir='${docdir}'
exec_prefix='${prefix}'
host='x86_64-unknown-linux-gnu'
host_alias=''
host_cpu='x86_64'
host_os='linux-gnu'
host_vendor='unknown'
htmldir='${docdir}'
includedir='${prefix}/include'
infodir='${datarootdir}/info'
install_sh='${SHELL} /home/bhoover/inadyn-mt.v.02.28.06/Cfg/install-sh'
libdir='${exec_prefix}/lib'
libexecdir='${exec_prefix}/libexec'
localedir='${datarootdir}/locale'
localstatedir='${prefix}/var'
mandir='${datarootdir}/man'
mkdir_p='/bin/mkdir -p'
oldincludedir='/usr/include'
pdfdir='${docdir}'
prefix='/usr/local'
program_transform_name='s,x,x,'
psdir='${docdir}'
sbindir='${exec_prefix}/sbin'
sharedstatedir='${prefix}/com'
sysconfdir='${prefix}/etc'
target='x86_64-unknown-linux-gnu'
target_alias=''
target_cpu='x86_64'
target_os='linux-gnu'
target_vendor='unknown'

## ----------- ##
## confdefs.h. ##
## ----------- ##

/* confdefs.h */
#define PACKAGE_NAME "inadyn-mt"
#define PACKAGE_TARNAME "inadyn-mt"
#define PACKAGE_VERSION "02.24.38"
#define PACKAGE_STRING "inadyn-mt 02.24.38"
#define PACKAGE_BUGREPORT "bhoover@wecs.com"
#define PACKAGE_URL ""
#define PACKAGE "inadyn-mt"
#define VERSION "02.24.38"
#define STDC_HEADERS 1
#define HAVE_SYS_TYPES_H 1
#define HAVE_SYS_STAT_H 1
#define HAVE_STDLIB_H 1
#define HAVE_STRING_H 1
#define HAVE_MEMORY_H 1
#define HAVE_STRINGS_H 1
#define HAVE_INTTYPES_H 1
#define HAVE_STDINT_H 1
#define HAVE_UNISTD_H 1
#define HAVE_AO_AO_H 1
#define HAVE_ARPA_INET_H 1
#define HAVE_FCNTL_H 1
#define HAVE_IFADDRS_H 1
#define HAVE_LOCALE_H 1
#define HAVE_MEMORY_H 1
#define HAVE_NETDB_H 1
#define HAVE_NETINET_IN_H 1
#define HAVE_STDLIB_H 1
#define HAVE_STRING_H 1
#define HAVE_SYS_IOCTL_H 1
#define HAVE_SYS_SOCKET_H 1
#define HAVE_SYS_TIME_H 1
#define HAVE_SYSLOG_H 1
#define HAVE_UNISTD_H 1
#define HAVE_WCHAR_H 1
#define HAVE_WCTYPE_H 1
#define HAVE__BOOL 1
#define HAVE_STDBOOL_H 1
#define HAVE_FORK 1
#define HAVE_VFORK 1
#define HAVE_WORKING_VFORK 1
#define HAVE_WORKING_FORK 1
#define HAVE_STDLIB_H 1
#define HAVE_MALLOC 1
#define HAVE_STDLIB_H 1
#define HAVE_REALLOC 1
#define META_ROOT "/usr/share/inadyn-mt"
#define USE_SNDFILE 1
#define USE_THREADS 1

configure: exit 0
